[debug] [2022-04-17T07:35:33.580Z] ----------------------------------------------------------------------
[debug] [2022-04-17T07:35:33.582Z] Command:       /Users/anshu/.nvm/versions/node/v14.18.3/bin/node /Users/anshu/.nvm/versions/node/v14.18.3/bin/firebase init hosting
[debug] [2022-04-17T07:35:33.583Z] CLI Version:   10.6.0
[debug] [2022-04-17T07:35:33.583Z] Platform:      darwin
[debug] [2022-04-17T07:35:33.583Z] Node Version:  v14.18.3
[debug] [2022-04-17T07:35:33.583Z] Time:          Sun Apr 17 2022 13:05:33 GMT+0530 (India Standard Time)
[debug] [2022-04-17T07:35:33.584Z] ----------------------------------------------------------------------
[debug] 
[debug] [2022-04-17T07:35:33.591Z] > command requires scopes: ["email","openid","https://www.googleapis.com/auth/cloudplatformprojects.readonly","https://www.googleapis.com/auth/firebase","https://www.googleapis.com/auth/cloud-platform"]
[debug] [2022-04-17T07:35:33.592Z] > authorizing via signed-in user (anshuchaudhary961993@gmail.com)
[info] 
     ######## #### ########  ######## ########     ###     ######  ########
     ##        ##  ##     ## ##       ##     ##  ##   ##  ##       ##
     ######    ##  ########  ######   ########  #########  ######  ######
     ##        ##  ##    ##  ##       ##     ## ##     ##       ## ##
     ##       #### ##     ## ######## ########  ##     ##  ######  ########

You're about to initialize a Firebase project in this directory:

  /Users/anshu/Desktop/Netomi-task

[info] 
=== Project Setup
[info] 
[info] First, let's associate this project directory with a Firebase project.
[info] You can create multiple project aliases by running firebase use --add, 
[info] but for now we'll just set up a default project.
[info] 
[debug] [2022-04-17T07:35:58.072Z] >>> [apiv2][query] GET https://firebase.googleapis.com/v1beta1/projects pageSize=100
[debug] [2022-04-17T07:35:58.742Z] <<< [apiv2][status] GET https://firebase.googleapis.com/v1beta1/projects 200
[debug] [2022-04-17T07:35:58.742Z] <<< [apiv2][body] GET https://firebase.googleapis.com/v1beta1/projects [omitted]
[info] i  Using project chatbot-ai-50d7e (chatbot-ai) 
[info] 
=== Hosting Setup
[info] 
[info] Your public directory is the folder (relative to your project directory) that
[info] will contain Hosting assets to be uploaded with firebase deploy. If you
[info] have a build process for your assets, use your build's output directory.
[info] 
